Compiling the C compiler identification source file "CMakeCCompilerId.c" failed.
Compiler: /usr/bin/arm-none-eabi-gcc 
Build flags: 
Id flags:  

The output was:
1
/usr/lib/gcc/arm-none-eabi/9.2.1/../../../arm-none-eabi/bin/ld: /usr/lib/gcc/arm-none-eabi/9.2.1/../../../arm-none-eabi/lib/libc.a(lib_a-exit.o): in function `exit':
/build/newlib-wFsRXh/newlib-3.3.0/build/arm-none-eabi/newlib/libc/stdlib/../../../../../newlib/libc/stdlib/exit.c:64: undefined reference to `_exit'
collect2: error: ld returned 1 exit status


Compiling the CXX compiler identification source file "CMakeCXXCompilerId.cpp" failed.
Compiler: /usr/bin/arm-none-eabi-g++ 
Build flags: 
Id flags:  

The output was:
1
/usr/lib/gcc/arm-none-eabi/9.2.1/../../../arm-none-eabi/bin/ld: /usr/lib/gcc/arm-none-eabi/9.2.1/../../../arm-none-eabi/lib/libc.a(lib_a-exit.o): in function `exit':
/build/newlib-wFsRXh/newlib-3.3.0/build/arm-none-eabi/newlib/libc/stdlib/../../../../../newlib/libc/stdlib/exit.c:64: undefined reference to `_exit'
collect2: error: ld returned 1 exit status


Detecting C compiler ABI info failed to compile with the following output:
Change Dir: /home/thomas/Projects/build_teensy/build/CMakeFiles/CMakeTmp

Run Build Command(s):/usr/bin/gmake cmTC_f624f/fast && /usr/bin/gmake  -f CMakeFiles/cmTC_f624f.dir/build.make CMakeFiles/cmTC_f624f.dir/build
gmake[1]: Entering directory '/home/thomas/Projects/build_teensy/build/CMakeFiles/CMakeTmp'
Building C object CMakeFiles/cmTC_f624f.dir/CMakeCCompilerABI.c.o
/usr/bin/arm-none-eabi-gcc   -v -o CMakeFiles/cmTC_f624f.dir/CMakeCCompilerABI.c.o -c /usr/share/cmake-3.18/Modules/CMakeCCompilerABI.c
Using built-in specs.
COLLECT_GCC=/usr/bin/arm-none-eabi-gcc
Target: arm-none-eabi
Configured with: ../configure --build=x86_64-linux-gnu --prefix=/usr --includedir='/usr/lib/include' --mandir='/usr/lib/share/man' --infodir='/usr/lib/share/info' --sysconfdir=/etc --localstatedir=/var --disable-option-checking --disable-silent-rules --libdir='/usr/lib/lib/x86_64-linux-gnu' --libexecdir='/usr/lib/lib/x86_64-linux-gnu' --disable-maintainer-mode --disable-dependency-tracking --mandir=/usr/share/man --enable-languages=c,c++,lto --enable-multilib --disable-decimal-float --disable-libffi --disable-libgomp --disable-libmudflap --disable-libquadmath --disable-libssp --disable-libstdcxx-pch --disable-nls --disable-shared --disable-threads --enable-tls --build=x86_64-linux-gnu --target=arm-none-eabi --with-system-zlib --with-gnu-as --with-gnu-ld --with-pkgversion=15:9-2019-q4-0ubuntu2 --without-included-gettext --prefix=/usr/lib --infodir=/usr/share/doc/gcc-arm-none-eabi/info --htmldir=/usr/share/doc/gcc-arm-none-eabi/html --pdfdir=/usr/share/doc/gcc-arm-none-eabi/pdf --bindir=/usr/bin --libexecdir=/usr/lib --libdir=/usr/lib --disable-libstdc++-v3 --host=x86_64-linux-gnu --with-headers=no --without-newlib --with-multilib-list=rmprofile CFLAGS='-g -O2 -fdebug-prefix-map=/build/gcc-arm-none-eabi-AANDE0/gcc-arm-none-eabi-9-2019-q4=. -fstack-protector-strong' CPPFLAGS='-Wdate-time -D_FORTIFY_SOURCE=2' CXXFLAGS='-g -O2 -fdebug-prefix-map=/build/gcc-arm-none-eabi-AANDE0/gcc-arm-none-eabi-9-2019-q4=. -fstack-protector-strong' FCFLAGS='-g -O2 -fdebug-prefix-map=/build/gcc-arm-none-eabi-AANDE0/gcc-arm-none-eabi-9-2019-q4=. -fstack-protector-strong' FFLAGS='-g -O2 -fdebug-prefix-map=/build/gcc-arm-none-eabi-AANDE0/gcc-arm-none-eabi-9-2019-q4=. -fstack-protector-strong' GCJFLAGS='-g -O2 -fdebug-prefix-map=/build/gcc-arm-none-eabi-AANDE0/gcc-arm-none-eabi-9-2019-q4=. -fstack-protector-strong' LDFLAGS='-Wl,-Bsymbolic-functions -Wl,-z,relro' OBJCFLAGS='-g -O2 -fdebug-prefix-map=/build/gcc-arm-none-eabi-AANDE0/gcc-arm-none-eabi-9-2019-q4=. -fstack-protector-strong' OBJCXXFLAGS='-g -O2 -fdebug-prefix-map=/build/gcc-arm-none-eabi-AANDE0/gcc-arm-none-eabi-9-2019-q4=. -fstack-protector-strong' INHIBIT_LIBC_CFLAGS=-DUSE_TM_CLONE_REGISTRY=0 AR_FOR_TARGET=arm-none-eabi-ar AS_FOR_TARGET=arm-none-eabi-as LD_FOR_TARGET=arm-none-eabi-ld NM_FOR_TARGET=arm-none-eabi-nm OBJDUMP_FOR_TARGET=arm-none-eabi-objdump RANLIB_FOR_TARGET=arm-none-eabi-ranlib READELF_FOR_TARGET=arm-none-eabi-readelf STRIP_FOR_TARGET=arm-none-eabi-strip
Thread model: single
gcc version 9.2.1 20191025 (release) [ARM/arm-9-branch revision 277599] (15:9-2019-q4-0ubuntu2) 
COLLECT_GCC_OPTIONS='-v' '-o' 'CMakeFiles/cmTC_f624f.dir/CMakeCCompilerABI.c.o' '-c' '-mcpu=arm7tdmi' '-mfloat-abi=soft' '-marm' '-march=armv4t'
 /usr/lib/gcc/arm-none-eabi/9.2.1/cc1 -quiet -v -D__USES_INITFINI__ /usr/share/cmake-3.18/Modules/CMakeCCompilerABI.c -quiet -dumpbase CMakeCCompilerABI.c -mcpu=arm7tdmi -mfloat-abi=soft -marm -march=armv4t -auxbase-strip CMakeFiles/cmTC_f624f.dir/CMakeCCompilerABI.c.o -version -o /tmp/cczOigLm.s
GNU C17 (15:9-2019-q4-0ubuntu2) version 9.2.1 20191025 (release) [ARM/arm-9-branch revision 277599] (arm-none-eabi)
	compiled by GNU C version 10.2.0, GMP version 6.2.0, MPFR version 4.1.0, MPC version 1.2.0, isl version isl-0.24-GMP

warning: GMP header version 6.2.0 differs from library version 6.2.1.
GGC heuristics: --param ggc-min-expand=100 --param ggc-min-heapsize=131072
ignoring nonexistent directory "/usr/lib/gcc/arm-none-eabi/9.2.1/../../../arm-none-eabi/sys-include"
#include "..." search starts here:
#include <...> search starts here:
 /usr/lib/gcc/arm-none-eabi/9.2.1/include
 /usr/lib/gcc/arm-none-eabi/9.2.1/include-fixed
 /usr/lib/gcc/arm-none-eabi/9.2.1/../../../arm-none-eabi/include
End of search list.
GNU C17 (15:9-2019-q4-0ubuntu2) version 9.2.1 20191025 (release) [ARM/arm-9-branch revision 277599] (arm-none-eabi)
	compiled by GNU C version 10.2.0, GMP version 6.2.0, MPFR version 4.1.0, MPC version 1.2.0, isl version isl-0.24-GMP

warning: GMP header version 6.2.0 differs from library version 6.2.1.
GGC heuristics: --param ggc-min-expand=100 --param ggc-min-heapsize=131072
Compiler executable checksum: 7bdcc9d5774e6213f83a0e245988bd33
COLLECT_GCC_OPTIONS='-v' '-o' 'CMakeFiles/cmTC_f624f.dir/CMakeCCompilerABI.c.o' '-c' '-mcpu=arm7tdmi' '-mfloat-abi=soft' '-marm' '-march=armv4t'
 /usr/lib/gcc/arm-none-eabi/9.2.1/../../../arm-none-eabi/bin/as -v -march=armv4t -mfloat-abi=soft -meabi=5 -o CMakeFiles/cmTC_f624f.dir/CMakeCCompilerABI.c.o /tmp/cczOigLm.s
GNU assembler version 2.36.1 (arm-none-eabi) using BFD version (2.36.1-0ubuntu1+14build1) 2.36.1
COMPILER_PATH=/usr/lib/gcc/arm-none-eabi/9.2.1/:/usr/lib/gcc/arm-none-eabi/9.2.1/:/usr/lib/gcc/arm-none-eabi/:/usr/lib/gcc/arm-none-eabi/9.2.1/:/usr/lib/gcc/arm-none-eabi/:/usr/lib/gcc/arm-none-eabi/9.2.1/../../../arm-none-eabi/bin/
LIBRARY_PATH=/usr/lib/gcc/arm-none-eabi/9.2.1/:/usr/lib/gcc/arm-none-eabi/9.2.1/../../../arm-none-eabi/lib/
COLLECT_GCC_OPTIONS='-v' '-o' 'CMakeFiles/cmTC_f624f.dir/CMakeCCompilerABI.c.o' '-c' '-mcpu=arm7tdmi' '-mfloat-abi=soft' '-marm' '-march=armv4t'
Linking C executable cmTC_f624f
/usr/bin/cmake -E cmake_link_script CMakeFiles/cmTC_f624f.dir/link.txt --verbose=1
/usr/bin/arm-none-eabi-gcc  -v CMakeFiles/cmTC_f624f.dir/CMakeCCompilerABI.c.o -o cmTC_f624f 
Using built-in specs.
COLLECT_GCC=/usr/bin/arm-none-eabi-gcc
COLLECT_LTO_WRAPPER=/usr/lib/gcc/arm-none-eabi/9.2.1/lto-wrapper
Target: arm-none-eabi
Configured with: ../configure --build=x86_64-linux-gnu --prefix=/usr --includedir='/usr/lib/include' --mandir='/usr/lib/share/man' --infodir='/usr/lib/share/info' --sysconfdir=/etc --localstatedir=/var --disable-option-checking --disable-silent-rules --libdir='/usr/lib/lib/x86_64-linux-gnu' --libexecdir='/usr/lib/lib/x86_64-linux-gnu' --disable-maintainer-mode --disable-dependency-tracking --mandir=/usr/share/man --enable-languages=c,c++,lto --enable-multilib --disable-decimal-float --disable-libffi --disable-libgomp --disable-libmudflap --disable-libquadmath --disable-libssp --disable-libstdcxx-pch --disable-nls --disable-shared --disable-threads --enable-tls --build=x86_64-linux-gnu --target=arm-none-eabi --with-system-zlib --with-gnu-as --with-gnu-ld --with-pkgversion=15:9-2019-q4-0ubuntu2 --without-included-gettext --prefix=/usr/lib --infodir=/usr/share/doc/gcc-arm-none-eabi/info --htmldir=/usr/share/doc/gcc-arm-none-eabi/html --pdfdir=/usr/share/doc/gcc-arm-none-eabi/pdf --bindir=/usr/bin --libexecdir=/usr/lib --libdir=/usr/lib --disable-libstdc++-v3 --host=x86_64-linux-gnu --with-headers=no --without-newlib --with-multilib-list=rmprofile CFLAGS='-g -O2 -fdebug-prefix-map=/build/gcc-arm-none-eabi-AANDE0/gcc-arm-none-eabi-9-2019-q4=. -fstack-protector-strong' CPPFLAGS='-Wdate-time -D_FORTIFY_SOURCE=2' CXXFLAGS='-g -O2 -fdebug-prefix-map=/build/gcc-arm-none-eabi-AANDE0/gcc-arm-none-eabi-9-2019-q4=. -fstack-protector-strong' FCFLAGS='-g -O2 -fdebug-prefix-map=/build/gcc-arm-none-eabi-AANDE0/gcc-arm-none-eabi-9-2019-q4=. -fstack-protector-strong' FFLAGS='-g -O2 -fdebug-prefix-map=/build/gcc-arm-none-eabi-AANDE0/gcc-arm-none-eabi-9-2019-q4=. -fstack-protector-strong' GCJFLAGS='-g -O2 -fdebug-prefix-map=/build/gcc-arm-none-eabi-AANDE0/gcc-arm-none-eabi-9-2019-q4=. -fstack-protector-strong' LDFLAGS='-Wl,-Bsymbolic-functions -Wl,-z,relro' OBJCFLAGS='-g -O2 -fdebug-prefix-map=/build/gcc-arm-none-eabi-AANDE0/gcc-arm-none-eabi-9-2019-q4=. -fstack-protector-strong' OBJCXXFLAGS='-g -O2 -fdebug-prefix-map=/build/gcc-arm-none-eabi-AANDE0/gcc-arm-none-eabi-9-2019-q4=. -fstack-protector-strong' INHIBIT_LIBC_CFLAGS=-DUSE_TM_CLONE_REGISTRY=0 AR_FOR_TARGET=arm-none-eabi-ar AS_FOR_TARGET=arm-none-eabi-as LD_FOR_TARGET=arm-none-eabi-ld NM_FOR_TARGET=arm-none-eabi-nm OBJDUMP_FOR_TARGET=arm-none-eabi-objdump RANLIB_FOR_TARGET=arm-none-eabi-ranlib READELF_FOR_TARGET=arm-none-eabi-readelf STRIP_FOR_TARGET=arm-none-eabi-strip
Thread model: single
gcc version 9.2.1 20191025 (release) [ARM/arm-9-branch revision 277599] (15:9-2019-q4-0ubuntu2) 
COMPILER_PATH=/usr/lib/gcc/arm-none-eabi/9.2.1/:/usr/lib/gcc/arm-none-eabi/9.2.1/:/usr/lib/gcc/arm-none-eabi/:/usr/lib/gcc/arm-none-eabi/9.2.1/:/usr/lib/gcc/arm-none-eabi/:/usr/lib/gcc/arm-none-eabi/9.2.1/../../../arm-none-eabi/bin/
LIBRARY_PATH=/usr/lib/gcc/arm-none-eabi/9.2.1/:/usr/lib/gcc/arm-none-eabi/9.2.1/../../../arm-none-eabi/lib/
COLLECT_GCC_OPTIONS='-v' '-o' 'cmTC_f624f' '-mcpu=arm7tdmi' '-mfloat-abi=soft' '-marm' '-march=armv4t'
 /usr/lib/gcc/arm-none-eabi/9.2.1/collect2 -plugin /usr/lib/gcc/arm-none-eabi/9.2.1/liblto_plugin.so -plugin-opt=/usr/lib/gcc/arm-none-eabi/9.2.1/lto-wrapper -plugin-opt=-fresolution=/tmp/cc7W2K1l.res -plugin-opt=-pass-through=-lgcc -plugin-opt=-pass-through=-lc -X -o cmTC_f624f /usr/lib/gcc/arm-none-eabi/9.2.1/crti.o /usr/lib/gcc/arm-none-eabi/9.2.1/crtbegin.o /usr/lib/gcc/arm-none-eabi/9.2.1/../../../arm-none-eabi/lib/crt0.o -L/usr/lib/gcc/arm-none-eabi/9.2.1 -L/usr/lib/gcc/arm-none-eabi/9.2.1/../../../arm-none-eabi/lib CMakeFiles/cmTC_f624f.dir/CMakeCCompilerABI.c.o --start-group -lgcc -lc --end-group /usr/lib/gcc/arm-none-eabi/9.2.1/crtend.o /usr/lib/gcc/arm-none-eabi/9.2.1/crtn.o
/usr/lib/gcc/arm-none-eabi/9.2.1/../../../arm-none-eabi/bin/ld: /usr/lib/gcc/arm-none-eabi/9.2.1/../../../arm-none-eabi/lib/libc.a(lib_a-exit.o): in function `exit':
/build/newlib-wFsRXh/newlib-3.3.0/build/arm-none-eabi/newlib/libc/stdlib/../../../../../newlib/libc/stdlib/exit.c:64: undefined reference to `_exit'
collect2: error: ld returned 1 exit status
gmake[1]: *** [CMakeFiles/cmTC_f624f.dir/build.make:106: cmTC_f624f] Error 1
gmake[1]: Leaving directory '/home/thomas/Projects/build_teensy/build/CMakeFiles/CMakeTmp'
gmake: *** [Makefile:140: cmTC_f624f/fast] Error 2




Determining if the C compiler works failed with the following output:
Change Dir: /home/thomas/Projects/build_teensy/build/CMakeFiles/CMakeTmp

Run Build Command(s):/usr/bin/gmake cmTC_97dbd/fast && /usr/bin/gmake  -f CMakeFiles/cmTC_97dbd.dir/build.make CMakeFiles/cmTC_97dbd.dir/build
gmake[1]: Entering directory '/home/thomas/Projects/build_teensy/build/CMakeFiles/CMakeTmp'
Building C object CMakeFiles/cmTC_97dbd.dir/testCCompiler.c.o
/usr/bin/arm-none-eabi-gcc    -o CMakeFiles/cmTC_97dbd.dir/testCCompiler.c.o -c /home/thomas/Projects/build_teensy/build/CMakeFiles/CMakeTmp/testCCompiler.c
Linking C executable cmTC_97dbd
/usr/bin/cmake -E cmake_link_script CMakeFiles/cmTC_97dbd.dir/link.txt --verbose=1
/usr/bin/arm-none-eabi-gcc CMakeFiles/cmTC_97dbd.dir/testCCompiler.c.o -o cmTC_97dbd 
/usr/lib/gcc/arm-none-eabi/9.2.1/../../../arm-none-eabi/bin/ld: /usr/lib/gcc/arm-none-eabi/9.2.1/../../../arm-none-eabi/lib/libc.a(lib_a-exit.o): in function `exit':
/build/newlib-wFsRXh/newlib-3.3.0/build/arm-none-eabi/newlib/libc/stdlib/../../../../../newlib/libc/stdlib/exit.c:64: undefined reference to `_exit'
collect2: error: ld returned 1 exit status
gmake[1]: *** [CMakeFiles/cmTC_97dbd.dir/build.make:106: cmTC_97dbd] Error 1
gmake[1]: Leaving directory '/home/thomas/Projects/build_teensy/build/CMakeFiles/CMakeTmp'
gmake: *** [Makefile:140: cmTC_97dbd/fast] Error 2



Compiling the C compiler identification source file "CMakeCCompilerId.c" failed.
Compiler: /usr/bin/arm-none-eabi-gcc 
Build flags: 
Id flags:  

The output was:
1
/usr/lib/gcc/arm-none-eabi/9.2.1/../../../arm-none-eabi/bin/ld: /usr/lib/gcc/arm-none-eabi/9.2.1/../../../arm-none-eabi/lib/libc.a(lib_a-exit.o): in function `exit':
/build/newlib-wFsRXh/newlib-3.3.0/build/arm-none-eabi/newlib/libc/stdlib/../../../../../newlib/libc/stdlib/exit.c:64: undefined reference to `_exit'
collect2: error: ld returned 1 exit status


Compiling the CXX compiler identification source file "CMakeCXXCompilerId.cpp" failed.
Compiler: /usr/bin/arm-none-eabi-g++ 
Build flags: 
Id flags:  

The output was:
1
/usr/lib/gcc/arm-none-eabi/9.2.1/../../../arm-none-eabi/bin/ld: /usr/lib/gcc/arm-none-eabi/9.2.1/../../../arm-none-eabi/lib/libc.a(lib_a-exit.o): in function `exit':
/build/newlib-wFsRXh/newlib-3.3.0/build/arm-none-eabi/newlib/libc/stdlib/../../../../../newlib/libc/stdlib/exit.c:64: undefined reference to `_exit'
collect2: error: ld returned 1 exit status


Detecting C compiler ABI info failed to compile with the following output:
Change Dir: /home/thomas/Projects/build_teensy/build/CMakeFiles/CMakeTmp

Run Build Command(s):/usr/bin/gmake cmTC_50e35/fast && /usr/bin/gmake  -f CMakeFiles/cmTC_50e35.dir/build.make CMakeFiles/cmTC_50e35.dir/build
gmake[1]: Entering directory '/home/thomas/Projects/build_teensy/build/CMakeFiles/CMakeTmp'
Building C object CMakeFiles/cmTC_50e35.dir/CMakeCCompilerABI.c.o
/usr/bin/arm-none-eabi-gcc   -v -o CMakeFiles/cmTC_50e35.dir/CMakeCCompilerABI.c.o -c /usr/share/cmake-3.18/Modules/CMakeCCompilerABI.c
Using built-in specs.
COLLECT_GCC=/usr/bin/arm-none-eabi-gcc
Target: arm-none-eabi
Configured with: ../configure --build=x86_64-linux-gnu --prefix=/usr --includedir='/usr/lib/include' --mandir='/usr/lib/share/man' --infodir='/usr/lib/share/info' --sysconfdir=/etc --localstatedir=/var --disable-option-checking --disable-silent-rules --libdir='/usr/lib/lib/x86_64-linux-gnu' --libexecdir='/usr/lib/lib/x86_64-linux-gnu' --disable-maintainer-mode --disable-dependency-tracking --mandir=/usr/share/man --enable-languages=c,c++,lto --enable-multilib --disable-decimal-float --disable-libffi --disable-libgomp --disable-libmudflap --disable-libquadmath --disable-libssp --disable-libstdcxx-pch --disable-nls --disable-shared --disable-threads --enable-tls --build=x86_64-linux-gnu --target=arm-none-eabi --with-system-zlib --with-gnu-as --with-gnu-ld --with-pkgversion=15:9-2019-q4-0ubuntu2 --without-included-gettext --prefix=/usr/lib --infodir=/usr/share/doc/gcc-arm-none-eabi/info --htmldir=/usr/share/doc/gcc-arm-none-eabi/html --pdfdir=/usr/share/doc/gcc-arm-none-eabi/pdf --bindir=/usr/bin --libexecdir=/usr/lib --libdir=/usr/lib --disable-libstdc++-v3 --host=x86_64-linux-gnu --with-headers=no --without-newlib --with-multilib-list=rmprofile CFLAGS='-g -O2 -fdebug-prefix-map=/build/gcc-arm-none-eabi-AANDE0/gcc-arm-none-eabi-9-2019-q4=. -fstack-protector-strong' CPPFLAGS='-Wdate-time -D_FORTIFY_SOURCE=2' CXXFLAGS='-g -O2 -fdebug-prefix-map=/build/gcc-arm-none-eabi-AANDE0/gcc-arm-none-eabi-9-2019-q4=. -fstack-protector-strong' FCFLAGS='-g -O2 -fdebug-prefix-map=/build/gcc-arm-none-eabi-AANDE0/gcc-arm-none-eabi-9-2019-q4=. -fstack-protector-strong' FFLAGS='-g -O2 -fdebug-prefix-map=/build/gcc-arm-none-eabi-AANDE0/gcc-arm-none-eabi-9-2019-q4=. -fstack-protector-strong' GCJFLAGS='-g -O2 -fdebug-prefix-map=/build/gcc-arm-none-eabi-AANDE0/gcc-arm-none-eabi-9-2019-q4=. -fstack-protector-strong' LDFLAGS='-Wl,-Bsymbolic-functions -Wl,-z,relro' OBJCFLAGS='-g -O2 -fdebug-prefix-map=/build/gcc-arm-none-eabi-AANDE0/gcc-arm-none-eabi-9-2019-q4=. -fstack-protector-strong' OBJCXXFLAGS='-g -O2 -fdebug-prefix-map=/build/gcc-arm-none-eabi-AANDE0/gcc-arm-none-eabi-9-2019-q4=. -fstack-protector-strong' INHIBIT_LIBC_CFLAGS=-DUSE_TM_CLONE_REGISTRY=0 AR_FOR_TARGET=arm-none-eabi-ar AS_FOR_TARGET=arm-none-eabi-as LD_FOR_TARGET=arm-none-eabi-ld NM_FOR_TARGET=arm-none-eabi-nm OBJDUMP_FOR_TARGET=arm-none-eabi-objdump RANLIB_FOR_TARGET=arm-none-eabi-ranlib READELF_FOR_TARGET=arm-none-eabi-readelf STRIP_FOR_TARGET=arm-none-eabi-strip
Thread model: single
gcc version 9.2.1 20191025 (release) [ARM/arm-9-branch revision 277599] (15:9-2019-q4-0ubuntu2) 
COLLECT_GCC_OPTIONS='-v' '-o' 'CMakeFiles/cmTC_50e35.dir/CMakeCCompilerABI.c.o' '-c' '-mcpu=arm7tdmi' '-mfloat-abi=soft' '-marm' '-march=armv4t'
 /usr/lib/gcc/arm-none-eabi/9.2.1/cc1 -quiet -v -D__USES_INITFINI__ /usr/share/cmake-3.18/Modules/CMakeCCompilerABI.c -quiet -dumpbase CMakeCCompilerABI.c -mcpu=arm7tdmi -mfloat-abi=soft -marm -march=armv4t -auxbase-strip CMakeFiles/cmTC_50e35.dir/CMakeCCompilerABI.c.o -version -o /tmp/cctp9ly2.s
GNU C17 (15:9-2019-q4-0ubuntu2) version 9.2.1 20191025 (release) [ARM/arm-9-branch revision 277599] (arm-none-eabi)
	compiled by GNU C version 10.2.0, GMP version 6.2.0, MPFR version 4.1.0, MPC version 1.2.0, isl version isl-0.24-GMP

warning: GMP header version 6.2.0 differs from library version 6.2.1.
GGC heuristics: --param ggc-min-expand=100 --param ggc-min-heapsize=131072
ignoring nonexistent directory "/usr/lib/gcc/arm-none-eabi/9.2.1/../../../arm-none-eabi/sys-include"
#include "..." search starts here:
#include <...> search starts here:
 /usr/lib/gcc/arm-none-eabi/9.2.1/include
 /usr/lib/gcc/arm-none-eabi/9.2.1/include-fixed
 /usr/lib/gcc/arm-none-eabi/9.2.1/../../../arm-none-eabi/include
End of search list.
GNU C17 (15:9-2019-q4-0ubuntu2) version 9.2.1 20191025 (release) [ARM/arm-9-branch revision 277599] (arm-none-eabi)
	compiled by GNU C version 10.2.0, GMP version 6.2.0, MPFR version 4.1.0, MPC version 1.2.0, isl version isl-0.24-GMP

warning: GMP header version 6.2.0 differs from library version 6.2.1.
GGC heuristics: --param ggc-min-expand=100 --param ggc-min-heapsize=131072
Compiler executable checksum: 7bdcc9d5774e6213f83a0e245988bd33
COLLECT_GCC_OPTIONS='-v' '-o' 'CMakeFiles/cmTC_50e35.dir/CMakeCCompilerABI.c.o' '-c' '-mcpu=arm7tdmi' '-mfloat-abi=soft' '-marm' '-march=armv4t'
 /usr/lib/gcc/arm-none-eabi/9.2.1/../../../arm-none-eabi/bin/as -v -march=armv4t -mfloat-abi=soft -meabi=5 -o CMakeFiles/cmTC_50e35.dir/CMakeCCompilerABI.c.o /tmp/cctp9ly2.s
GNU assembler version 2.36.1 (arm-none-eabi) using BFD version (2.36.1-0ubuntu1+14build1) 2.36.1
COMPILER_PATH=/usr/lib/gcc/arm-none-eabi/9.2.1/:/usr/lib/gcc/arm-none-eabi/9.2.1/:/usr/lib/gcc/arm-none-eabi/:/usr/lib/gcc/arm-none-eabi/9.2.1/:/usr/lib/gcc/arm-none-eabi/:/usr/lib/gcc/arm-none-eabi/9.2.1/../../../arm-none-eabi/bin/
LIBRARY_PATH=/usr/lib/gcc/arm-none-eabi/9.2.1/:/usr/lib/gcc/arm-none-eabi/9.2.1/../../../arm-none-eabi/lib/
COLLECT_GCC_OPTIONS='-v' '-o' 'CMakeFiles/cmTC_50e35.dir/CMakeCCompilerABI.c.o' '-c' '-mcpu=arm7tdmi' '-mfloat-abi=soft' '-marm' '-march=armv4t'
Linking C executable cmTC_50e35
/usr/bin/cmake -E cmake_link_script CMakeFiles/cmTC_50e35.dir/link.txt --verbose=1
/usr/bin/arm-none-eabi-gcc  -v CMakeFiles/cmTC_50e35.dir/CMakeCCompilerABI.c.o -o cmTC_50e35 
Using built-in specs.
COLLECT_GCC=/usr/bin/arm-none-eabi-gcc
COLLECT_LTO_WRAPPER=/usr/lib/gcc/arm-none-eabi/9.2.1/lto-wrapper
Target: arm-none-eabi
Configured with: ../configure --build=x86_64-linux-gnu --prefix=/usr --includedir='/usr/lib/include' --mandir='/usr/lib/share/man' --infodir='/usr/lib/share/info' --sysconfdir=/etc --localstatedir=/var --disable-option-checking --disable-silent-rules --libdir='/usr/lib/lib/x86_64-linux-gnu' --libexecdir='/usr/lib/lib/x86_64-linux-gnu' --disable-maintainer-mode --disable-dependency-tracking --mandir=/usr/share/man --enable-languages=c,c++,lto --enable-multilib --disable-decimal-float --disable-libffi --disable-libgomp --disable-libmudflap --disable-libquadmath --disable-libssp --disable-libstdcxx-pch --disable-nls --disable-shared --disable-threads --enable-tls --build=x86_64-linux-gnu --target=arm-none-eabi --with-system-zlib --with-gnu-as --with-gnu-ld --with-pkgversion=15:9-2019-q4-0ubuntu2 --without-included-gettext --prefix=/usr/lib --infodir=/usr/share/doc/gcc-arm-none-eabi/info --htmldir=/usr/share/doc/gcc-arm-none-eabi/html --pdfdir=/usr/share/doc/gcc-arm-none-eabi/pdf --bindir=/usr/bin --libexecdir=/usr/lib --libdir=/usr/lib --disable-libstdc++-v3 --host=x86_64-linux-gnu --with-headers=no --without-newlib --with-multilib-list=rmprofile CFLAGS='-g -O2 -fdebug-prefix-map=/build/gcc-arm-none-eabi-AANDE0/gcc-arm-none-eabi-9-2019-q4=. -fstack-protector-strong' CPPFLAGS='-Wdate-time -D_FORTIFY_SOURCE=2' CXXFLAGS='-g -O2 -fdebug-prefix-map=/build/gcc-arm-none-eabi-AANDE0/gcc-arm-none-eabi-9-2019-q4=. -fstack-protector-strong' FCFLAGS='-g -O2 -fdebug-prefix-map=/build/gcc-arm-none-eabi-AANDE0/gcc-arm-none-eabi-9-2019-q4=. -fstack-protector-strong' FFLAGS='-g -O2 -fdebug-prefix-map=/build/gcc-arm-none-eabi-AANDE0/gcc-arm-none-eabi-9-2019-q4=. -fstack-protector-strong' GCJFLAGS='-g -O2 -fdebug-prefix-map=/build/gcc-arm-none-eabi-AANDE0/gcc-arm-none-eabi-9-2019-q4=. -fstack-protector-strong' LDFLAGS='-Wl,-Bsymbolic-functions -Wl,-z,relro' OBJCFLAGS='-g -O2 -fdebug-prefix-map=/build/gcc-arm-none-eabi-AANDE0/gcc-arm-none-eabi-9-2019-q4=. -fstack-protector-strong' OBJCXXFLAGS='-g -O2 -fdebug-prefix-map=/build/gcc-arm-none-eabi-AANDE0/gcc-arm-none-eabi-9-2019-q4=. -fstack-protector-strong' INHIBIT_LIBC_CFLAGS=-DUSE_TM_CLONE_REGISTRY=0 AR_FOR_TARGET=arm-none-eabi-ar AS_FOR_TARGET=arm-none-eabi-as LD_FOR_TARGET=arm-none-eabi-ld NM_FOR_TARGET=arm-none-eabi-nm OBJDUMP_FOR_TARGET=arm-none-eabi-objdump RANLIB_FOR_TARGET=arm-none-eabi-ranlib READELF_FOR_TARGET=arm-none-eabi-readelf STRIP_FOR_TARGET=arm-none-eabi-strip
Thread model: single
gcc version 9.2.1 20191025 (release) [ARM/arm-9-branch revision 277599] (15:9-2019-q4-0ubuntu2) 
COMPILER_PATH=/usr/lib/gcc/arm-none-eabi/9.2.1/:/usr/lib/gcc/arm-none-eabi/9.2.1/:/usr/lib/gcc/arm-none-eabi/:/usr/lib/gcc/arm-none-eabi/9.2.1/:/usr/lib/gcc/arm-none-eabi/:/usr/lib/gcc/arm-none-eabi/9.2.1/../../../arm-none-eabi/bin/
LIBRARY_PATH=/usr/lib/gcc/arm-none-eabi/9.2.1/:/usr/lib/gcc/arm-none-eabi/9.2.1/../../../arm-none-eabi/lib/
COLLECT_GCC_OPTIONS='-v' '-o' 'cmTC_50e35' '-mcpu=arm7tdmi' '-mfloat-abi=soft' '-marm' '-march=armv4t'
 /usr/lib/gcc/arm-none-eabi/9.2.1/collect2 -plugin /usr/lib/gcc/arm-none-eabi/9.2.1/liblto_plugin.so -plugin-opt=/usr/lib/gcc/arm-none-eabi/9.2.1/lto-wrapper -plugin-opt=-fresolution=/tmp/ccPJa1U5.res -plugin-opt=-pass-through=-lgcc -plugin-opt=-pass-through=-lc -X -o cmTC_50e35 /usr/lib/gcc/arm-none-eabi/9.2.1/crti.o /usr/lib/gcc/arm-none-eabi/9.2.1/crtbegin.o /usr/lib/gcc/arm-none-eabi/9.2.1/../../../arm-none-eabi/lib/crt0.o -L/usr/lib/gcc/arm-none-eabi/9.2.1 -L/usr/lib/gcc/arm-none-eabi/9.2.1/../../../arm-none-eabi/lib CMakeFiles/cmTC_50e35.dir/CMakeCCompilerABI.c.o --start-group -lgcc -lc --end-group /usr/lib/gcc/arm-none-eabi/9.2.1/crtend.o /usr/lib/gcc/arm-none-eabi/9.2.1/crtn.o
/usr/lib/gcc/arm-none-eabi/9.2.1/../../../arm-none-eabi/bin/ld: /usr/lib/gcc/arm-none-eabi/9.2.1/../../../arm-none-eabi/lib/libc.a(lib_a-exit.o): in function `exit':
/build/newlib-wFsRXh/newlib-3.3.0/build/arm-none-eabi/newlib/libc/stdlib/../../../../../newlib/libc/stdlib/exit.c:64: undefined reference to `_exit'
collect2: error: ld returned 1 exit status
gmake[1]: *** [CMakeFiles/cmTC_50e35.dir/build.make:106: cmTC_50e35] Error 1
gmake[1]: Leaving directory '/home/thomas/Projects/build_teensy/build/CMakeFiles/CMakeTmp'
gmake: *** [Makefile:140: cmTC_50e35/fast] Error 2




Determining if the C compiler works failed with the following output:
Change Dir: /home/thomas/Projects/build_teensy/build/CMakeFiles/CMakeTmp

Run Build Command(s):/usr/bin/gmake cmTC_8aa7b/fast && /usr/bin/gmake  -f CMakeFiles/cmTC_8aa7b.dir/build.make CMakeFiles/cmTC_8aa7b.dir/build
gmake[1]: Entering directory '/home/thomas/Projects/build_teensy/build/CMakeFiles/CMakeTmp'
Building C object CMakeFiles/cmTC_8aa7b.dir/testCCompiler.c.o
/usr/bin/arm-none-eabi-gcc    -o CMakeFiles/cmTC_8aa7b.dir/testCCompiler.c.o -c /home/thomas/Projects/build_teensy/build/CMakeFiles/CMakeTmp/testCCompiler.c
Linking C executable cmTC_8aa7b
/usr/bin/cmake -E cmake_link_script CMakeFiles/cmTC_8aa7b.dir/link.txt --verbose=1
/usr/bin/arm-none-eabi-gcc CMakeFiles/cmTC_8aa7b.dir/testCCompiler.c.o -o cmTC_8aa7b 
/usr/lib/gcc/arm-none-eabi/9.2.1/../../../arm-none-eabi/bin/ld: /usr/lib/gcc/arm-none-eabi/9.2.1/../../../arm-none-eabi/lib/libc.a(lib_a-exit.o): in function `exit':
/build/newlib-wFsRXh/newlib-3.3.0/build/arm-none-eabi/newlib/libc/stdlib/../../../../../newlib/libc/stdlib/exit.c:64: undefined reference to `_exit'
collect2: error: ld returned 1 exit status
gmake[1]: *** [CMakeFiles/cmTC_8aa7b.dir/build.make:106: cmTC_8aa7b] Error 1
gmake[1]: Leaving directory '/home/thomas/Projects/build_teensy/build/CMakeFiles/CMakeTmp'
gmake: *** [Makefile:140: cmTC_8aa7b/fast] Error 2



Compiling the C compiler identification source file "CMakeCCompilerId.c" failed.
Compiler: /usr/binarm-none-eabi-gcc 
Build flags: -Wall;-g;-O2;-mcpu=cortex-m7;-mfloat-abi=hard;-mfpu=fpv5-d16;-mthumb;-MMD;-DF_CPU=600000000;-DUSB_SERIAL;-DLAYOUT_US_ENGLISH;-DUSING_MAKEFILE;-D__IMXRT1062__;-DARDUINO=10813;-DTEENSYDUINO=154;-DARDUINO_TEENSY40;-I.;-ffunction-sections;-fdata-sections
Id flags:  

The output was:
No such file or directory


Compiling the C compiler identification source file "CMakeCCompilerId.c" failed.
Compiler: /usr/binarm-none-eabi-gcc 
Build flags: -Wall;-g;-O2;-mcpu=cortex-m7;-mfloat-abi=hard;-mfpu=fpv5-d16;-mthumb;-MMD;-DF_CPU=600000000;-DUSB_SERIAL;-DLAYOUT_US_ENGLISH;-DUSING_MAKEFILE;-D__IMXRT1062__;-DARDUINO=10813;-DTEENSYDUINO=154;-DARDUINO_TEENSY40;-I.;-ffunction-sections;-fdata-sections
Id flags: -c 

The output was:
No such file or directory


Compiling the C compiler identification source file "CMakeCCompilerId.c" failed.
Compiler: /usr/binarm-none-eabi-gcc 
Build flags: -Wall;-g;-O2;-mcpu=cortex-m7;-mfloat-abi=hard;-mfpu=fpv5-d16;-mthumb;-MMD;-DF_CPU=600000000;-DUSB_SERIAL;-DLAYOUT_US_ENGLISH;-DUSING_MAKEFILE;-D__IMXRT1062__;-DARDUINO=10813;-DTEENSYDUINO=154;-DARDUINO_TEENSY40;-I.;-ffunction-sections;-fdata-sections
Id flags: -Aa 

The output was:
No such file or directory


Compiling the C compiler identification source file "CMakeCCompilerId.c" failed.
Compiler: /usr/binarm-none-eabi-gcc 
Build flags: -Wall;-g;-O2;-mcpu=cortex-m7;-mfloat-abi=hard;-mfpu=fpv5-d16;-mthumb;-MMD;-DF_CPU=600000000;-DUSB_SERIAL;-DLAYOUT_US_ENGLISH;-DUSING_MAKEFILE;-D__IMXRT1062__;-DARDUINO=10813;-DTEENSYDUINO=154;-DARDUINO_TEENSY40;-I.;-ffunction-sections;-fdata-sections
Id flags: -D__CLASSIC_C__ 

The output was:
No such file or directory


Compiling the C compiler identification source file "CMakeCCompilerId.c" failed.
Compiler: /usr/binarm-none-eabi-gcc 
Build flags: -Wall;-g;-O2;-mcpu=cortex-m7;-mfloat-abi=hard;-mfpu=fpv5-d16;-mthumb;-MMD;-DF_CPU=600000000;-DUSB_SERIAL;-DLAYOUT_US_ENGLISH;-DUSING_MAKEFILE;-D__IMXRT1062__;-DARDUINO=10813;-DTEENSYDUINO=154;-DARDUINO_TEENSY40;-I.;-ffunction-sections;-fdata-sections
Id flags: --target=arm-arm-none-eabi;-mcpu=cortex-m3 

The output was:
No such file or directory


Compiling the C compiler identification source file "CMakeCCompilerId.c" failed.
Compiler: /usr/binarm-none-eabi-gcc 
Build flags: 
Id flags:  

The output was:
No such file or directory


Compiling the C compiler identification source file "CMakeCCompilerId.c" failed.
Compiler: /usr/binarm-none-eabi-gcc 
Build flags: 
Id flags: -c 

The output was:
No such file or directory


Compiling the C compiler identification source file "CMakeCCompilerId.c" failed.
Compiler: /usr/binarm-none-eabi-gcc 
Build flags: 
Id flags: -Aa 

The output was:
No such file or directory


Compiling the C compiler identification source file "CMakeCCompilerId.c" failed.
Compiler: /usr/binarm-none-eabi-gcc 
Build flags: 
Id flags: -D__CLASSIC_C__ 

The output was:
No such file or directory


Compiling the C compiler identification source file "CMakeCCompilerId.c" failed.
Compiler: /usr/binarm-none-eabi-gcc 
Build flags: 
Id flags: --target=arm-arm-none-eabi;-mcpu=cortex-m3 

The output was:
No such file or directory


Checking whether the C compiler is IAR using "" did not match "IAR .+ Compiler":
Checking whether the C compiler is IAR using "" did not match "IAR .+ Compiler":
Compiling the CXX compiler identification source file "CMakeCXXCompilerId.cpp" failed.
Compiler: /usr/binarm-none-eabi-g++ 
Build flags: -Wall;-g;-O2;-mcpu=cortex-m7;-mfloat-abi=hard;-mfpu=fpv5-d16;-mthumb;-MMD;-DF_CPU=600000000;-DUSB_SERIAL;-DLAYOUT_US_ENGLISH;-DUSING_MAKEFILE;-D__IMXRT1062__;-DARDUINO=10813;-DTEENSYDUINO=154;-DARDUINO_TEENSY40;-I.;-ffunction-sections;-fdata-sections;-std=gnu++14;-felide-constructors;-fno-exceptions;-fpermissive;-fno-rtti;-Wno-error=narrowing
Id flags:  

The output was:
No such file or directory


Compiling the CXX compiler identification source file "CMakeCXXCompilerId.cpp" failed.
Compiler: /usr/binarm-none-eabi-g++ 
Build flags: -Wall;-g;-O2;-mcpu=cortex-m7;-mfloat-abi=hard;-mfpu=fpv5-d16;-mthumb;-MMD;-DF_CPU=600000000;-DUSB_SERIAL;-DLAYOUT_US_ENGLISH;-DUSING_MAKEFILE;-D__IMXRT1062__;-DARDUINO=10813;-DTEENSYDUINO=154;-DARDUINO_TEENSY40;-I.;-ffunction-sections;-fdata-sections;-std=gnu++14;-felide-constructors;-fno-exceptions;-fpermissive;-fno-rtti;-Wno-error=narrowing
Id flags: -c 

The output was:
No such file or directory


Compiling the CXX compiler identification source file "CMakeCXXCompilerId.cpp" failed.
Compiler: /usr/binarm-none-eabi-g++ 
Build flags: -Wall;-g;-O2;-mcpu=cortex-m7;-mfloat-abi=hard;-mfpu=fpv5-d16;-mthumb;-MMD;-DF_CPU=600000000;-DUSB_SERIAL;-DLAYOUT_US_ENGLISH;-DUSING_MAKEFILE;-D__IMXRT1062__;-DARDUINO=10813;-DTEENSYDUINO=154;-DARDUINO_TEENSY40;-I.;-ffunction-sections;-fdata-sections;-std=gnu++14;-felide-constructors;-fno-exceptions;-fpermissive;-fno-rtti;-Wno-error=narrowing
Id flags: --c++ 

The output was:
No such file or directory


Compiling the CXX compiler identification source file "CMakeCXXCompilerId.cpp" failed.
Compiler: /usr/binarm-none-eabi-g++ 
Build flags: -Wall;-g;-O2;-mcpu=cortex-m7;-mfloat-abi=hard;-mfpu=fpv5-d16;-mthumb;-MMD;-DF_CPU=600000000;-DUSB_SERIAL;-DLAYOUT_US_ENGLISH;-DUSING_MAKEFILE;-D__IMXRT1062__;-DARDUINO=10813;-DTEENSYDUINO=154;-DARDUINO_TEENSY40;-I.;-ffunction-sections;-fdata-sections;-std=gnu++14;-felide-constructors;-fno-exceptions;-fpermissive;-fno-rtti;-Wno-error=narrowing
Id flags: --ec++ 

The output was:
No such file or directory


Compiling the CXX compiler identification source file "CMakeCXXCompilerId.cpp" failed.
Compiler: /usr/binarm-none-eabi-g++ 
Build flags: -Wall;-g;-O2;-mcpu=cortex-m7;-mfloat-abi=hard;-mfpu=fpv5-d16;-mthumb;-MMD;-DF_CPU=600000000;-DUSB_SERIAL;-DLAYOUT_US_ENGLISH;-DUSING_MAKEFILE;-D__IMXRT1062__;-DARDUINO=10813;-DTEENSYDUINO=154;-DARDUINO_TEENSY40;-I.;-ffunction-sections;-fdata-sections;-std=gnu++14;-felide-constructors;-fno-exceptions;-fpermissive;-fno-rtti;-Wno-error=narrowing
Id flags: --target=arm-arm-none-eabi;-mcpu=cortex-m3 

The output was:
No such file or directory


Compiling the CXX compiler identification source file "CMakeCXXCompilerId.cpp" failed.
Compiler: /usr/binarm-none-eabi-g++ 
Build flags: 
Id flags:  

The output was:
No such file or directory


Compiling the CXX compiler identification source file "CMakeCXXCompilerId.cpp" failed.
Compiler: /usr/binarm-none-eabi-g++ 
Build flags: 
Id flags: -c 

The output was:
No such file or directory


Compiling the CXX compiler identification source file "CMakeCXXCompilerId.cpp" failed.
Compiler: /usr/binarm-none-eabi-g++ 
Build flags: 
Id flags: --c++ 

The output was:
No such file or directory


Compiling the CXX compiler identification source file "CMakeCXXCompilerId.cpp" failed.
Compiler: /usr/binarm-none-eabi-g++ 
Build flags: 
Id flags: --ec++ 

The output was:
No such file or directory


Compiling the CXX compiler identification source file "CMakeCXXCompilerId.cpp" failed.
Compiler: /usr/binarm-none-eabi-g++ 
Build flags: 
Id flags: --target=arm-arm-none-eabi;-mcpu=cortex-m3 

The output was:
No such file or directory


Checking whether the CXX compiler is IAR using "" did not match "IAR .+ Compiler":
Checking whether the CXX compiler is IAR using "" did not match "IAR .+ Compiler":
Compiling the C compiler identification source file "CMakeCCompilerId.c" failed.
Compiler: /usr/bin/arm-none-eabi-gcc 
Build flags: -Wall;-g;-O2;-mcpu=cortex-m7;-mfloat-abi=hard;-mfpu=fpv5-d16;-mthumb;-MMD;-DF_CPU=600000000;-DUSB_SERIAL;-DLAYOUT_US_ENGLISH;-DUSING_MAKEFILE;-D__IMXRT1062__;-DARDUINO=10813;-DTEENSYDUINO=154;-DARDUINO_TEENSY40;-I.;-ffunction-sections;-fdata-sections
Id flags:  

The output was:
1
/usr/lib/gcc/arm-none-eabi/9.2.1/../../../arm-none-eabi/bin/ld: /usr/lib/gcc/arm-none-eabi/9.2.1/../../../arm-none-eabi/lib/thumb/v7e-m+dp/hard/libg.a(lib_a-exit.o): in function `exit':
/build/newlib-wFsRXh/newlib-3.3.0/build/arm-none-eabi/thumb/v7e-m+dp/hard/newlib/libc/stdlib/../../../../../../../../newlib/libc/stdlib/exit.c:64: undefined reference to `_exit'
collect2: error: ld returned 1 exit status


The C compiler identification could not be found in "/home/alt-astral/git/Teensyistic/build/CMakeFiles/3.18.4/CompilerIdC/CMakeCCompilerId.d"

Compiling the CXX compiler identification source file "CMakeCXXCompilerId.cpp" failed.
Compiler: /usr/bin/arm-none-eabi-g++ 
Build flags: -Wall;-g;-O2;-mcpu=cortex-m7;-mfloat-abi=hard;-mfpu=fpv5-d16;-mthumb;-MMD;-DF_CPU=600000000;-DUSB_SERIAL;-DLAYOUT_US_ENGLISH;-DUSING_MAKEFILE;-D__IMXRT1062__;-DARDUINO=10813;-DTEENSYDUINO=154;-DARDUINO_TEENSY40;-I.;-ffunction-sections;-fdata-sections;-std=gnu++14;-felide-constructors;-fno-exceptions;-fpermissive;-fno-rtti;-Wno-error=narrowing
Id flags:  

The output was:
1
/usr/lib/gcc/arm-none-eabi/9.2.1/../../../arm-none-eabi/bin/ld: /usr/lib/gcc/arm-none-eabi/9.2.1/../../../arm-none-eabi/lib/thumb/v7e-m+dp/hard/libg.a(lib_a-exit.o): in function `exit':
/build/newlib-wFsRXh/newlib-3.3.0/build/arm-none-eabi/thumb/v7e-m+dp/hard/newlib/libc/stdlib/../../../../../../../../newlib/libc/stdlib/exit.c:64: undefined reference to `_exit'
collect2: error: ld returned 1 exit status


The CXX compiler identification could not be found in "/home/alt-astral/git/Teensyistic/build/CMakeFiles/3.18.4/CompilerIdCXX/CMakeCXXCompilerId.d"

Compiling the C compiler identification source file "CMakeCCompilerId.c" failed.
Compiler: /usr/bin/arm-none-eabi-gcc 
Build flags: -Wall;-g;-O2;-mcpu=cortex-m7;-mfloat-abi=hard;-mfpu=fpv5-d16;-mthumb;-MMD;-DF_CPU=600000000;-DUSB_SERIAL;-DLAYOUT_US_ENGLISH;-DUSING_MAKEFILE;-D__IMXRT1062__;-DARDUINO=10813;-DTEENSYDUINO=154;-DARDUINO_TEENSY40;-I.;-ffunction-sections;-fdata-sections
Id flags:  

The output was:
1
/usr/lib/gcc/arm-none-eabi/9.2.1/../../../arm-none-eabi/bin/ld: /usr/lib/gcc/arm-none-eabi/9.2.1/../../../arm-none-eabi/lib/thumb/v7e-m+dp/hard/libg.a(lib_a-exit.o): in function `exit':
/build/newlib-wFsRXh/newlib-3.3.0/build/arm-none-eabi/thumb/v7e-m+dp/hard/newlib/libc/stdlib/../../../../../../../../newlib/libc/stdlib/exit.c:64: undefined reference to `_exit'
collect2: error: ld returned 1 exit status


The C compiler identification could not be found in "/home/alt-astral/git/Teensyistic/build/CMakeFiles/3.18.4/CompilerIdC/CMakeCCompilerId.d"

Compiling the CXX compiler identification source file "CMakeCXXCompilerId.cpp" failed.
Compiler: /usr/bin/arm-none-eabi-g++ 
Build flags: -Wall;-g;-O2;-mcpu=cortex-m7;-mfloat-abi=hard;-mfpu=fpv5-d16;-mthumb;-MMD;-DF_CPU=600000000;-DUSB_SERIAL;-DLAYOUT_US_ENGLISH;-DUSING_MAKEFILE;-D__IMXRT1062__;-DARDUINO=10813;-DTEENSYDUINO=154;-DARDUINO_TEENSY40;-I.;-ffunction-sections;-fdata-sections;-std=gnu++14;-felide-constructors;-fno-exceptions;-fpermissive;-fno-rtti;-Wno-error=narrowing
Id flags:  

The output was:
1
/usr/lib/gcc/arm-none-eabi/9.2.1/../../../arm-none-eabi/bin/ld: /usr/lib/gcc/arm-none-eabi/9.2.1/../../../arm-none-eabi/lib/thumb/v7e-m+dp/hard/libg.a(lib_a-exit.o): in function `exit':
/build/newlib-wFsRXh/newlib-3.3.0/build/arm-none-eabi/thumb/v7e-m+dp/hard/newlib/libc/stdlib/../../../../../../../../newlib/libc/stdlib/exit.c:64: undefined reference to `_exit'
collect2: error: ld returned 1 exit status


The CXX compiler identification could not be found in "/home/alt-astral/git/Teensyistic/build/CMakeFiles/3.18.4/CompilerIdCXX/CMakeCXXCompilerId.d"

Compiling the C compiler identification source file "CMakeCCompilerId.c" failed.
Compiler: /usr/bin/arm-none-eabi-gcc 
Build flags: -Wall;-g;-O2;-mcpu=cortex-m7;-mfloat-abi=hard;-mfpu=fpv5-d16;-mthumb;-MMD;-DF_CPU=600000000;-DUSB_SERIAL;-DLAYOUT_US_ENGLISH;-DUSING_MAKEFILE;-D__IMXRT1062__;-DARDUINO=10813;-DTEENSYDUINO=154;-DARDUINO_TEENSY40;-I.;-ffunction-sections;-fdata-sections
Id flags:  

The output was:
1
/usr/lib/gcc/arm-none-eabi/9.2.1/../../../arm-none-eabi/bin/ld: /usr/lib/gcc/arm-none-eabi/9.2.1/../../../arm-none-eabi/lib/thumb/v7e-m+dp/hard/libg.a(lib_a-exit.o): in function `exit':
/build/newlib-wFsRXh/newlib-3.3.0/build/arm-none-eabi/thumb/v7e-m+dp/hard/newlib/libc/stdlib/../../../../../../../../newlib/libc/stdlib/exit.c:64: undefined reference to `_exit'
collect2: error: ld returned 1 exit status


The C compiler identification could not be found in "/home/alt-astral/git/Teensyistic/build/CMakeFiles/3.18.4/CompilerIdC/CMakeCCompilerId.d"

Compiling the CXX compiler identification source file "CMakeCXXCompilerId.cpp" failed.
Compiler: /usr/bin/arm-none-eabi-g++ 
Build flags: -Wall;-g;-O2;-mcpu=cortex-m7;-mfloat-abi=hard;-mfpu=fpv5-d16;-mthumb;-MMD;-DF_CPU=600000000;-DUSB_SERIAL;-DLAYOUT_US_ENGLISH;-DUSING_MAKEFILE;-D__IMXRT1062__;-DARDUINO=10813;-DTEENSYDUINO=154;-DARDUINO_TEENSY40;-I.;-ffunction-sections;-fdata-sections;-std=gnu++14;-felide-constructors;-fno-exceptions;-fpermissive;-fno-rtti;-Wno-error=narrowing
Id flags:  

The output was:
1
/usr/lib/gcc/arm-none-eabi/9.2.1/../../../arm-none-eabi/bin/ld: /usr/lib/gcc/arm-none-eabi/9.2.1/../../../arm-none-eabi/lib/thumb/v7e-m+dp/hard/libg.a(lib_a-exit.o): in function `exit':
/build/newlib-wFsRXh/newlib-3.3.0/build/arm-none-eabi/thumb/v7e-m+dp/hard/newlib/libc/stdlib/../../../../../../../../newlib/libc/stdlib/exit.c:64: undefined reference to `_exit'
collect2: error: ld returned 1 exit status


The CXX compiler identification could not be found in "/home/alt-astral/git/Teensyistic/build/CMakeFiles/3.18.4/CompilerIdCXX/CMakeCXXCompilerId.d"

